<?xml version="1.0" encoding="UTF-8"?>
<testng-results skipped="0" failed="3" ignored="0" total="3" passed="0">
  <reporter-output>
  </reporter-output>
  <suite name="Default Suite" duration-ms="84442" started-at="2018-07-12T11:50:42Z" finished-at="2018-07-12T11:52:06Z">
    <groups>
    </groups>
    <test name="PearUpChrome,54,Windows,10PU_CreatingInterests" duration-ms="29897" started-at="2018-07-12T11:50:42Z" finished-at="2018-07-12T11:51:12Z">
      <class name="com.ggktech.PearUp.PU_CreatingInterests">
        <test-method status="PASS" signature="testSetUp(java.lang.String, java.lang.String, java.lang.String, java.lang.String, java.lang.String, java.lang.String, java.lang.String)[pri:0, instance:com.ggktech.PearUp.PU_CreatingInterests@5071c458]" name="testSetUp" is-config="true" duration-ms="9428" started-at="2018-07-12T11:50:42Z" finished-at="2018-07-12T11:50:51Z">
          <params>
            <param index="0">
              <value>
                <![CDATA[Chrome]]>
              </value>
            </param>
            <param index="1">
              <value>
                <![CDATA[54]]>
              </value>
            </param>
            <param index="2">
              <value>
                <![CDATA[Windows]]>
              </value>
            </param>
            <param index="3">
              <value>
                <![CDATA[10]]>
              </value>
            </param>
            <param index="4">
              <value>
                <![CDATA[PearUp]]>
              </value>
            </param>
            <param index="5">
              <value>
                <![CDATA[PU]]>
              </value>
            </param>
            <param index="6">
              <value>
                <![CDATA[LOCAL]]>
              </value>
            </param>
          </params>
          <reporter-output>
          </reporter-output>
        </test-method> <!-- testSetUp -->
        <test-method status="FAIL" signature="testScript()[pri:0, instance:com.ggktech.PearUp.PU_CreatingInterests@5071c458]" name="testScript" duration-ms="19614" started-at="2018-07-12T11:50:51Z" finished-at="2018-07-12T11:51:11Z">
          <exception class="java.lang.AssertionError">
            <message>
              <![CDATA[null]]>
            </message>
            <full-stacktrace>
              <![CDATA[java.lang.AssertionError: null
	at org.testng.Assert.fail(Assert.java:93)
	at org.testng.Assert.fail(Assert.java:100)
	at com.ggktech.utils.Reporter.failedreport(Reporter.java:177)
	at com.ggktech.utils.Reporter.report(Reporter.java:113)
	at com.ggktech.service.PublicLibrary.fluentWait(PublicLibrary.java:1211)
	at com.ggktech.service.PublicLibrary.clickElement(PublicLibrary.java:608)
	at com.ggktech.applib.ApplicationLibrary.loginPearUp(ApplicationLibrary.java:745)
	at com.ggktech.PearUp.PU_CreatingInterests.testScript(PU_CreatingInterests.java:10)
	at sun.reflect.NativeMethodAccessorImpl.invoke0(Native Method)
	at sun.reflect.NativeMethodAccessorImpl.invoke(NativeMethodAccessorImpl.java:62)
	at sun.reflect.DelegatingMethodAccessorImpl.invoke(DelegatingMethodAccessorImpl.java:43)
	at java.lang.reflect.Method.invoke(Method.java:498)
	at org.testng.internal.MethodInvocationHelper.invokeMethod(MethodInvocationHelper.java:108)
	at org.testng.internal.Invoker.invokeMethod(Invoker.java:661)
	at org.testng.internal.Invoker.invokeTestMethod(Invoker.java:869)
	at org.testng.internal.Invoker.invokeTestMethods(Invoker.java:1193)
	at org.testng.internal.TestMethodWorker.invokeTestMethods(TestMethodWorker.java:126)
	at org.testng.internal.TestMethodWorker.run(TestMethodWorker.java:109)
	at org.testng.TestRunner.privateRun(TestRunner.java:744)
	at org.testng.TestRunner.run(TestRunner.java:602)
	at org.testng.SuiteRunner.runTest(SuiteRunner.java:380)
	at org.testng.SuiteRunner.runSequentially(SuiteRunner.java:375)
	at org.testng.SuiteRunner.privateRun(SuiteRunner.java:340)
	at org.testng.SuiteRunner.run(SuiteRunner.java:289)
	at org.testng.SuiteRunnerWorker.runSuite(SuiteRunnerWorker.java:52)
	at org.testng.SuiteRunnerWorker.run(SuiteRunnerWorker.java:86)
	at org.testng.TestNG.runSuitesSequentially(TestNG.java:1301)
	at org.testng.TestNG.runSuitesLocally(TestNG.java:1226)
	at org.testng.TestNG.runSuites(TestNG.java:1144)
	at org.testng.TestNG.run(TestNG.java:1115)
	at com.ggktech.utils.TestNgXml.executeModuleTests(TestNgXml.java:544)
	at com.ggktech.utils.TestNgXml.access$100(TestNgXml.java:53)
	at com.ggktech.utils.TestNgXml$2.call(TestNgXml.java:431)
	at com.ggktech.utils.TestNgXml$2.call(TestNgXml.java:427)
	at java.util.concurrent.FutureTask.run(FutureTask.java:266)
	at java.util.concurrent.ScheduledThreadPoolExecutor$ScheduledFutureTask.access$201(ScheduledThreadPoolExecutor.java:180)
	at java.util.concurrent.ScheduledThreadPoolExecutor$ScheduledFutureTask.run(ScheduledThreadPoolExecutor.java:293)
	at java.util.concurrent.ThreadPoolExecutor.runWorker(ThreadPoolExecutor.java:1149)
	at java.util.concurrent.ThreadPoolExecutor$Worker.run(ThreadPoolExecutor.java:624)
	at java.lang.Thread.run(Thread.java:748)
]]>
            </full-stacktrace>
          </exception> <!-- java.lang.AssertionError -->
          <reporter-output>
          </reporter-output>
        </test-method> <!-- testScript -->
        <test-method status="PASS" signature="testTearDown()[pri:0, instance:com.ggktech.PearUp.PU_CreatingInterests@5071c458]" name="testTearDown" is-config="true" duration-ms="822" started-at="2018-07-12T11:51:11Z" finished-at="2018-07-12T11:51:12Z">
          <reporter-output>
          </reporter-output>
        </test-method> <!-- testTearDown -->
      </class> <!-- com.ggktech.PearUp.PU_CreatingInterests -->
    </test> <!-- PearUpChrome,54,Windows,10PU_CreatingInterests -->
    <test name="PearUpChrome,54,Windows,10PU_MenuListItems" duration-ms="27840" started-at="2018-07-12T11:51:12Z" finished-at="2018-07-12T11:51:39Z">
      <class name="com.ggktech.PearUp.PU_MenuListItems">
        <test-method status="PASS" signature="testSetUp(java.lang.String, java.lang.String, java.lang.String, java.lang.String, java.lang.String, java.lang.String, java.lang.String)[pri:0, instance:com.ggktech.PearUp.PU_MenuListItems@3755342d]" name="testSetUp" is-config="true" duration-ms="8448" started-at="2018-07-12T11:51:12Z" finished-at="2018-07-12T11:51:20Z">
          <params>
            <param index="0">
              <value>
                <![CDATA[Chrome]]>
              </value>
            </param>
            <param index="1">
              <value>
                <![CDATA[54]]>
              </value>
            </param>
            <param index="2">
              <value>
                <![CDATA[Windows]]>
              </value>
            </param>
            <param index="3">
              <value>
                <![CDATA[10]]>
              </value>
            </param>
            <param index="4">
              <value>
                <![CDATA[PearUp]]>
              </value>
            </param>
            <param index="5">
              <value>
                <![CDATA[PU]]>
              </value>
            </param>
            <param index="6">
              <value>
                <![CDATA[LOCAL]]>
              </value>
            </param>
          </params>
          <reporter-output>
          </reporter-output>
        </test-method> <!-- testSetUp -->
        <test-method status="FAIL" signature="testScript()[pri:0, instance:com.ggktech.PearUp.PU_MenuListItems@3755342d]" name="testScript" duration-ms="19287" started-at="2018-07-12T11:51:20Z" finished-at="2018-07-12T11:51:39Z">
          <exception class="java.lang.AssertionError">
            <message>
              <![CDATA[null]]>
            </message>
            <full-stacktrace>
              <![CDATA[java.lang.AssertionError: null
	at org.testng.Assert.fail(Assert.java:93)
	at org.testng.Assert.fail(Assert.java:100)
	at com.ggktech.utils.Reporter.failedreport(Reporter.java:177)
	at com.ggktech.utils.Reporter.report(Reporter.java:113)
	at com.ggktech.service.PublicLibrary.fluentWait(PublicLibrary.java:1211)
	at com.ggktech.service.PublicLibrary.clickElement(PublicLibrary.java:608)
	at com.ggktech.applib.ApplicationLibrary.loginPearUp(ApplicationLibrary.java:745)
	at com.ggktech.PearUp.PU_MenuListItems.testScript(PU_MenuListItems.java:11)
	at sun.reflect.NativeMethodAccessorImpl.invoke0(Native Method)
	at sun.reflect.NativeMethodAccessorImpl.invoke(NativeMethodAccessorImpl.java:62)
	at sun.reflect.DelegatingMethodAccessorImpl.invoke(DelegatingMethodAccessorImpl.java:43)
	at java.lang.reflect.Method.invoke(Method.java:498)
	at org.testng.internal.MethodInvocationHelper.invokeMethod(MethodInvocationHelper.java:108)
	at org.testng.internal.Invoker.invokeMethod(Invoker.java:661)
	at org.testng.internal.Invoker.invokeTestMethod(Invoker.java:869)
	at org.testng.internal.Invoker.invokeTestMethods(Invoker.java:1193)
	at org.testng.internal.TestMethodWorker.invokeTestMethods(TestMethodWorker.java:126)
	at org.testng.internal.TestMethodWorker.run(TestMethodWorker.java:109)
	at org.testng.TestRunner.privateRun(TestRunner.java:744)
	at org.testng.TestRunner.run(TestRunner.java:602)
	at org.testng.SuiteRunner.runTest(SuiteRunner.java:380)
	at org.testng.SuiteRunner.runSequentially(SuiteRunner.java:375)
	at org.testng.SuiteRunner.privateRun(SuiteRunner.java:340)
	at org.testng.SuiteRunner.run(SuiteRunner.java:289)
	at org.testng.SuiteRunnerWorker.runSuite(SuiteRunnerWorker.java:52)
	at org.testng.SuiteRunnerWorker.run(SuiteRunnerWorker.java:86)
	at org.testng.TestNG.runSuitesSequentially(TestNG.java:1301)
	at org.testng.TestNG.runSuitesLocally(TestNG.java:1226)
	at org.testng.TestNG.runSuites(TestNG.java:1144)
	at org.testng.TestNG.run(TestNG.java:1115)
	at com.ggktech.utils.TestNgXml.executeModuleTests(TestNgXml.java:544)
	at com.ggktech.utils.TestNgXml.access$100(TestNgXml.java:53)
	at com.ggktech.utils.TestNgXml$2.call(TestNgXml.java:431)
	at com.ggktech.utils.TestNgXml$2.call(TestNgXml.java:427)
	at java.util.concurrent.FutureTask.run(FutureTask.java:266)
	at java.util.concurrent.ScheduledThreadPoolExecutor$ScheduledFutureTask.access$201(ScheduledThreadPoolExecutor.java:180)
	at java.util.concurrent.ScheduledThreadPoolExecutor$ScheduledFutureTask.run(ScheduledThreadPoolExecutor.java:293)
	at java.util.concurrent.ThreadPoolExecutor.runWorker(ThreadPoolExecutor.java:1149)
	at java.util.concurrent.ThreadPoolExecutor$Worker.run(ThreadPoolExecutor.java:624)
	at java.lang.Thread.run(Thread.java:748)
]]>
            </full-stacktrace>
          </exception> <!-- java.lang.AssertionError -->
          <reporter-output>
          </reporter-output>
        </test-method> <!-- testScript -->
        <test-method status="PASS" signature="testTearDown()[pri:0, instance:com.ggktech.PearUp.PU_MenuListItems@3755342d]" name="testTearDown" is-config="true" duration-ms="104" started-at="2018-07-12T11:51:39Z" finished-at="2018-07-12T11:51:39Z">
          <reporter-output>
          </reporter-output>
        </test-method> <!-- testTearDown -->
      </class> <!-- com.ggktech.PearUp.PU_MenuListItems -->
    </test> <!-- PearUpChrome,54,Windows,10PU_MenuListItems -->
    <test name="PearUpChrome,54,Windows,10PU_FailingInterest" duration-ms="26681" started-at="2018-07-12T11:51:39Z" finished-at="2018-07-12T11:52:06Z">
      <class name="com.ggktech.PearUp.PU_FailingInterest">
        <test-method status="PASS" signature="testSetUp(java.lang.String, java.lang.String, java.lang.String, java.lang.String, java.lang.String, java.lang.String, java.lang.String)[pri:0, instance:com.ggktech.PearUp.PU_FailingInterest@467be9b8]" name="testSetUp" is-config="true" duration-ms="7560" started-at="2018-07-12T11:51:39Z" finished-at="2018-07-12T11:51:47Z">
          <params>
            <param index="0">
              <value>
                <![CDATA[Chrome]]>
              </value>
            </param>
            <param index="1">
              <value>
                <![CDATA[54]]>
              </value>
            </param>
            <param index="2">
              <value>
                <![CDATA[Windows]]>
              </value>
            </param>
            <param index="3">
              <value>
                <![CDATA[10]]>
              </value>
            </param>
            <param index="4">
              <value>
                <![CDATA[PearUp]]>
              </value>
            </param>
            <param index="5">
              <value>
                <![CDATA[PU]]>
              </value>
            </param>
            <param index="6">
              <value>
                <![CDATA[LOCAL]]>
              </value>
            </param>
          </params>
          <reporter-output>
          </reporter-output>
        </test-method> <!-- testSetUp -->
        <test-method status="FAIL" signature="testScript()[pri:0, instance:com.ggktech.PearUp.PU_FailingInterest@467be9b8]" name="testScript" duration-ms="19019" started-at="2018-07-12T11:51:47Z" finished-at="2018-07-12T11:52:06Z">
          <exception class="java.lang.AssertionError">
            <message>
              <![CDATA[null]]>
            </message>
            <full-stacktrace>
              <![CDATA[java.lang.AssertionError: null
	at org.testng.Assert.fail(Assert.java:93)
	at org.testng.Assert.fail(Assert.java:100)
	at com.ggktech.utils.Reporter.failedreport(Reporter.java:177)
	at com.ggktech.utils.Reporter.report(Reporter.java:113)
	at com.ggktech.service.PublicLibrary.fluentWait(PublicLibrary.java:1211)
	at com.ggktech.service.PublicLibrary.clickElement(PublicLibrary.java:608)
	at com.ggktech.applib.ApplicationLibrary.loginPearUp(ApplicationLibrary.java:745)
	at com.ggktech.PearUp.PU_FailingInterest.testScript(PU_FailingInterest.java:11)
	at sun.reflect.NativeMethodAccessorImpl.invoke0(Native Method)
	at sun.reflect.NativeMethodAccessorImpl.invoke(NativeMethodAccessorImpl.java:62)
	at sun.reflect.DelegatingMethodAccessorImpl.invoke(DelegatingMethodAccessorImpl.java:43)
	at java.lang.reflect.Method.invoke(Method.java:498)
	at org.testng.internal.MethodInvocationHelper.invokeMethod(MethodInvocationHelper.java:108)
	at org.testng.internal.Invoker.invokeMethod(Invoker.java:661)
	at org.testng.internal.Invoker.invokeTestMethod(Invoker.java:869)
	at org.testng.internal.Invoker.invokeTestMethods(Invoker.java:1193)
	at org.testng.internal.TestMethodWorker.invokeTestMethods(TestMethodWorker.java:126)
	at org.testng.internal.TestMethodWorker.run(TestMethodWorker.java:109)
	at org.testng.TestRunner.privateRun(TestRunner.java:744)
	at org.testng.TestRunner.run(TestRunner.java:602)
	at org.testng.SuiteRunner.runTest(SuiteRunner.java:380)
	at org.testng.SuiteRunner.runSequentially(SuiteRunner.java:375)
	at org.testng.SuiteRunner.privateRun(SuiteRunner.java:340)
	at org.testng.SuiteRunner.run(SuiteRunner.java:289)
	at org.testng.SuiteRunnerWorker.runSuite(SuiteRunnerWorker.java:52)
	at org.testng.SuiteRunnerWorker.run(SuiteRunnerWorker.java:86)
	at org.testng.TestNG.runSuitesSequentially(TestNG.java:1301)
	at org.testng.TestNG.runSuitesLocally(TestNG.java:1226)
	at org.testng.TestNG.runSuites(TestNG.java:1144)
	at org.testng.TestNG.run(TestNG.java:1115)
	at com.ggktech.utils.TestNgXml.executeModuleTests(TestNgXml.java:544)
	at com.ggktech.utils.TestNgXml.access$100(TestNgXml.java:53)
	at com.ggktech.utils.TestNgXml$2.call(TestNgXml.java:431)
	at com.ggktech.utils.TestNgXml$2.call(TestNgXml.java:427)
	at java.util.concurrent.FutureTask.run(FutureTask.java:266)
	at java.util.concurrent.ScheduledThreadPoolExecutor$ScheduledFutureTask.access$201(ScheduledThreadPoolExecutor.java:180)
	at java.util.concurrent.ScheduledThreadPoolExecutor$ScheduledFutureTask.run(ScheduledThreadPoolExecutor.java:293)
	at java.util.concurrent.ThreadPoolExecutor.runWorker(ThreadPoolExecutor.java:1149)
	at java.util.concurrent.ThreadPoolExecutor$Worker.run(ThreadPoolExecutor.java:624)
	at java.lang.Thread.run(Thread.java:748)
]]>
            </full-stacktrace>
          </exception> <!-- java.lang.AssertionError -->
          <reporter-output>
          </reporter-output>
        </test-method> <!-- testScript -->
        <test-method status="PASS" signature="testTearDown()[pri:0, instance:com.ggktech.PearUp.PU_FailingInterest@467be9b8]" name="testTearDown" is-config="true" duration-ms="100" started-at="2018-07-12T11:52:06Z" finished-at="2018-07-12T11:52:06Z">
          <reporter-output>
          </reporter-output>
        </test-method> <!-- testTearDown -->
      </class> <!-- com.ggktech.PearUp.PU_FailingInterest -->
    </test> <!-- PearUpChrome,54,Windows,10PU_FailingInterest -->
  </suite> <!-- Default Suite -->
</testng-results>
